<?xml version="1.0" encoding="UTF-8"?>
<!-- Generated by org.testng.reporters.JUnitXMLReporter -->
<testsuite hostname="DESKTOP-UUTUU8G" ignored="0" name="Loan Department" tests="4" failures="2" timestamp="30 May 2019 10:16:42 GMT" time="0.266" errors="0">
  <testcase name="Z" time="0.012" classname="Introduction.Intro"/>
  <testcase name="intro" time="0.005" classname="Introduction.Intro"/>
  <testcase name="login" time="0.0" classname="Introduction.Intro">
    <failure type="org.testng.TestNGException" message="
Parameter &amp;apos;name&amp;apos; is required by @Test on method login but has not been marked @Optional or defined
in F:\Automation-Selenium\TestNGTutorial\testng.xml">
      <![CDATA[org.testng.TestNGException: 
Parameter 'name' is required by @Test on method login but has not been marked @Optional or defined
in F:\Automation-Selenium\TestNGTutorial\testng.xml
... Removed 24 stack frames]]>
    </failure>
  </testcase> <!-- login -->
  <testcase name="disp" time="0.0" classname="Introduction.Intro1">
    <failure type="org.testng.TestNGException" message="
Parameter &amp;apos;username&amp;apos; is required by @Test on method disp but has not been marked @Optional or defined
in F:\Automation-Selenium\TestNGTutorial\testng.xml">
      <![CDATA[org.testng.TestNGException: 
Parameter 'username' is required by @Test on method disp but has not been marked @Optional or defined
in F:\Automation-Selenium\TestNGTutorial\testng.xml
... Removed 24 stack frames]]>
    </failure>
  </testcase> <!-- disp -->
</testsuite> <!-- Loan Department -->
